2023-03-17 13:36:03,418 socket_client.py [line:240] run INFO node id 0 is running on pid 3293135 
2023-03-17 13:36:03,419 socket_client.py [line:53] _connect_and_send_forever INFO node 0's socket client starts to make outgoing connections on process id 3293135 
2023-03-17 13:38:31,442 socket_client.py [line:240] run INFO node id 0 is running on pid 549969 
2023-03-17 13:38:31,443 socket_client.py [line:53] _connect_and_send_forever INFO node 0's socket client starts to make outgoing connections on process id 549969 
2023-03-17 13:41:54,807 socket_client.py [line:240] run INFO node id 0 is running on pid 2538234 
2023-03-17 13:41:54,807 socket_client.py [line:53] _connect_and_send_forever INFO node 0's socket client starts to make outgoing connections on process id 2538234 
2023-03-17 13:49:08,649 socket_client.py [line:240] run INFO node id 0 is running on pid 2587814 
2023-03-17 13:49:08,650 socket_client.py [line:53] _connect_and_send_forever INFO node 0's socket client starts to make outgoing connections on process id 2587814 
2023-03-17 13:57:41,895 socket_client.py [line:240] run INFO node id 0 is running on pid 3409580 
2023-03-17 13:57:41,895 socket_client.py [line:53] _connect_and_send_forever INFO node 0's socket client starts to make outgoing connections on process id 3409580 
2023-03-17 14:06:25,300 socket_client.py [line:240] run INFO node id 0 is running on pid 131960 
2023-03-17 14:06:25,301 socket_client.py [line:53] _connect_and_send_forever INFO node 0's socket client starts to make outgoing connections on process id 131960 
2023-03-17 14:16:42,050 socket_client.py [line:240] run INFO node id 0 is running on pid 1958574 
2023-03-17 14:16:42,050 socket_client.py [line:53] _connect_and_send_forever INFO node 0's socket client starts to make outgoing connections on process id 1958574 
2023-03-17 14:28:27,881 socket_client.py [line:240] run INFO node id 0 is running on pid 466239 
2023-03-17 14:28:27,881 socket_client.py [line:53] _connect_and_send_forever INFO node 0's socket client starts to make outgoing connections on process id 466239 
2023-03-17 14:42:13,509 socket_client.py [line:240] run INFO node id 0 is running on pid 152226 
2023-03-17 14:42:13,510 socket_client.py [line:53] _connect_and_send_forever INFO node 0's socket client starts to make outgoing connections on process id 152226 
2023-03-17 14:59:07,618 socket_client.py [line:240] run INFO node id 0 is running on pid 1655315 
2023-03-17 14:59:07,618 socket_client.py [line:53] _connect_and_send_forever INFO node 0's socket client starts to make outgoing connections on process id 1655315 
2023-03-17 15:22:05,014 socket_client.py [line:240] run INFO node id 0 is running on pid 2505160 
2023-03-17 15:22:05,015 socket_client.py [line:53] _connect_and_send_forever INFO node 0's socket client starts to make outgoing connections on process id 2505160 
2023-03-17 15:25:04,357 socket_client.py [line:240] run INFO node id 0 is running on pid 65737 
2023-03-17 15:25:04,358 socket_client.py [line:53] _connect_and_send_forever INFO node 0's socket client starts to make outgoing connections on process id 65737 
2023-03-17 15:31:49,365 socket_client.py [line:240] run INFO node id 0 is running on pid 4024126 
2023-03-17 15:31:49,365 socket_client.py [line:53] _connect_and_send_forever INFO node 0's socket client starts to make outgoing connections on process id 4024126 
2023-03-17 15:36:45,589 socket_client.py [line:240] run INFO node id 0 is running on pid 2726120 
2023-03-17 15:36:45,590 socket_client.py [line:53] _connect_and_send_forever INFO node 0's socket client starts to make outgoing connections on process id 2726120 
2023-03-17 15:42:54,085 socket_client.py [line:240] run INFO node id 0 is running on pid 2133276 
2023-03-17 15:42:54,085 socket_client.py [line:53] _connect_and_send_forever INFO node 0's socket client starts to make outgoing connections on process id 2133276 
2023-03-17 15:49:30,326 socket_client.py [line:166] _send ERROR fail to send msg 
2023-03-17 15:49:30,327 socket_client.py [line:168] _send ERROR (BrokenPipeError(32, 'Broken pipe'), None) 
2023-03-17 15:49:30,341 socket_client.py [line:166] _send ERROR fail to send msg 
2023-03-17 15:49:30,341 socket_client.py [line:168] _send ERROR (BrokenPipeError(32, 'Broken pipe'), None) 
2023-03-17 15:49:30,354 socket_client.py [line:166] _send ERROR fail to send msg 
2023-03-17 15:49:30,355 socket_client.py [line:168] _send ERROR (BrokenPipeError(32, 'Broken pipe'), None) 
2023-03-17 15:52:19,405 socket_client.py [line:240] run INFO node id 0 is running on pid 3461074 
2023-03-17 15:52:19,406 socket_client.py [line:53] _connect_and_send_forever INFO node 0's socket client starts to make outgoing connections on process id 3461074 
2023-03-17 16:05:21,517 socket_client.py [line:240] run INFO node id 0 is running on pid 2722557 
2023-03-17 16:05:21,517 socket_client.py [line:53] _connect_and_send_forever INFO node 0's socket client starts to make outgoing connections on process id 2722557 
2023-03-17 16:16:01,366 socket_client.py [line:166] _send ERROR fail to send msg 
2023-03-17 16:16:01,369 socket_client.py [line:168] _send ERROR (BrokenPipeError(32, 'Broken pipe'), None) 
2023-03-17 16:16:01,370 socket_client.py [line:166] _send ERROR fail to send msg 
2023-03-17 16:16:01,370 socket_client.py [line:168] _send ERROR (BrokenPipeError(32, 'Broken pipe'), None) 
2023-03-17 16:16:01,371 socket_client.py [line:166] _send ERROR fail to send msg 
2023-03-17 16:16:01,372 socket_client.py [line:168] _send ERROR (BrokenPipeError(32, 'Broken pipe'), None) 
2023-03-17 16:16:01,373 socket_client.py [line:166] _send ERROR fail to send msg 
2023-03-17 16:16:01,373 socket_client.py [line:168] _send ERROR (ConnectionResetError(104, 'Connection reset by peer'), None) 
2023-03-17 16:16:01,374 socket_client.py [line:166] _send ERROR fail to send msg 
2023-03-17 16:16:01,374 socket_client.py [line:168] _send ERROR (ConnectionResetError(104, 'Connection reset by peer'), None) 
2023-03-17 16:16:01,375 socket_client.py [line:166] _send ERROR fail to send msg 
2023-03-17 16:16:01,375 socket_client.py [line:168] _send ERROR (ConnectionResetError(104, 'Connection reset by peer'), None) 
2023-03-17 16:16:01,375 socket_client.py [line:166] _send ERROR fail to send msg 
2023-03-17 16:16:01,375 socket_client.py [line:168] _send ERROR (ConnectionResetError(104, 'Connection reset by peer'), None) 
2023-03-17 16:16:01,376 socket_client.py [line:166] _send ERROR fail to send msg 
2023-03-17 16:16:01,376 socket_client.py [line:168] _send ERROR (ConnectionResetError(104, 'Connection reset by peer'), None) 
2023-03-17 16:16:01,376 socket_client.py [line:166] _send ERROR fail to send msg 
2023-03-17 16:16:01,376 socket_client.py [line:168] _send ERROR (ConnectionResetError(104, 'Connection reset by peer'), None) 
2023-03-17 16:16:01,377 socket_client.py [line:166] _send ERROR fail to send msg 
2023-03-17 16:16:01,377 socket_client.py [line:168] _send ERROR (ConnectionResetError(104, 'Connection reset by peer'), None) 
2023-03-17 16:16:01,377 socket_client.py [line:166] _send ERROR fail to send msg 
2023-03-17 16:16:01,377 socket_client.py [line:168] _send ERROR (ConnectionResetError(104, 'Connection reset by peer'), None) 
2023-03-17 16:16:01,377 socket_client.py [line:166] _send ERROR fail to send msg 
2023-03-17 16:16:01,377 socket_client.py [line:168] _send ERROR (ConnectionResetError(104, 'Connection reset by peer'), None) 
2023-03-17 16:16:01,378 socket_client.py [line:166] _send ERROR fail to send msg 
2023-03-17 16:16:01,378 socket_client.py [line:168] _send ERROR (ConnectionResetError(104, 'Connection reset by peer'), None) 
2023-03-17 16:16:01,378 socket_client.py [line:166] _send ERROR fail to send msg 
2023-03-17 16:16:01,378 socket_client.py [line:168] _send ERROR (ConnectionResetError(104, 'Connection reset by peer'), None) 
2023-03-17 16:16:01,378 socket_client.py [line:166] _send ERROR fail to send msg 
2023-03-17 16:16:01,379 socket_client.py [line:168] _send ERROR (ConnectionResetError(104, 'Connection reset by peer'), None) 
2023-03-17 16:16:01,379 socket_client.py [line:166] _send ERROR fail to send msg 
2023-03-17 16:16:01,379 socket_client.py [line:168] _send ERROR (ConnectionResetError(104, 'Connection reset by peer'), None) 
2023-03-17 16:16:01,379 socket_client.py [line:166] _send ERROR fail to send msg 
2023-03-17 16:16:01,379 socket_client.py [line:168] _send ERROR (ConnectionResetError(104, 'Connection reset by peer'), None) 
2023-03-17 16:16:01,380 socket_client.py [line:166] _send ERROR fail to send msg 
2023-03-17 16:16:01,380 socket_client.py [line:168] _send ERROR (ConnectionResetError(104, 'Connection reset by peer'), None) 
2023-03-17 16:16:01,382 socket_client.py [line:166] _send ERROR fail to send msg 
2023-03-17 16:16:01,382 socket_client.py [line:168] _send ERROR (ConnectionResetError(104, 'Connection reset by peer'), None) 
2023-03-17 16:16:01,383 socket_client.py [line:166] _send ERROR fail to send msg 
2023-03-17 16:16:01,383 socket_client.py [line:168] _send ERROR (ConnectionResetError(104, 'Connection reset by peer'), None) 
2023-03-17 16:16:01,417 socket_client.py [line:166] _send ERROR fail to send msg 
2023-03-17 16:16:01,417 socket_client.py [line:168] _send ERROR (BrokenPipeError(32, 'Broken pipe'), None) 
2023-03-17 16:16:01,418 socket_client.py [line:166] _send ERROR fail to send msg 
2023-03-17 16:16:01,418 socket_client.py [line:168] _send ERROR (ConnectionResetError(104, 'Connection reset by peer'), None) 
2023-03-17 16:16:01,418 socket_client.py [line:166] _send ERROR fail to send msg 
2023-03-17 16:16:01,419 socket_client.py [line:168] _send ERROR (ConnectionResetError(104, 'Connection reset by peer'), None) 
2023-03-17 16:16:01,419 socket_client.py [line:166] _send ERROR fail to send msg 
2023-03-17 16:16:01,420 socket_client.py [line:168] _send ERROR (ConnectionResetError(104, 'Connection reset by peer'), None) 
2023-03-17 16:16:01,420 socket_client.py [line:166] _send ERROR fail to send msg 
2023-03-17 16:16:01,420 socket_client.py [line:168] _send ERROR (ConnectionResetError(104, 'Connection reset by peer'), None) 
2023-03-17 16:16:01,420 socket_client.py [line:166] _send ERROR fail to send msg 
2023-03-17 16:16:01,421 socket_client.py [line:168] _send ERROR (ConnectionResetError(104, 'Connection reset by peer'), None) 
2023-03-17 16:16:01,483 socket_client.py [line:166] _send ERROR fail to send msg 
2023-03-17 16:16:01,484 socket_client.py [line:168] _send ERROR (BrokenPipeError(32, 'Broken pipe'), None) 
2023-03-17 16:16:01,484 socket_client.py [line:166] _send ERROR fail to send msg 
2023-03-17 16:16:01,484 socket_client.py [line:168] _send ERROR (BrokenPipeError(32, 'Broken pipe'), None) 
2023-03-17 16:16:01,484 socket_client.py [line:166] _send ERROR fail to send msg 
2023-03-17 16:16:01,485 socket_client.py [line:168] _send ERROR (ConnectionResetError(104, 'Connection reset by peer'), None) 
2023-03-17 16:16:01,485 socket_client.py [line:166] _send ERROR fail to send msg 
2023-03-17 16:16:01,486 socket_client.py [line:168] _send ERROR (ConnectionResetError(104, 'Connection reset by peer'), None) 
2023-03-17 16:16:01,486 socket_client.py [line:166] _send ERROR fail to send msg 
2023-03-17 16:16:01,487 socket_client.py [line:168] _send ERROR (ConnectionResetError(104, 'Connection reset by peer'), None) 
2023-03-17 16:16:01,487 socket_client.py [line:166] _send ERROR fail to send msg 
2023-03-17 16:16:01,488 socket_client.py [line:168] _send ERROR (ConnectionResetError(104, 'Connection reset by peer'), None) 
2023-03-17 16:16:01,488 socket_client.py [line:166] _send ERROR fail to send msg 
2023-03-17 16:16:01,488 socket_client.py [line:168] _send ERROR (ConnectionResetError(104, 'Connection reset by peer'), None) 
2023-03-17 16:16:01,489 socket_client.py [line:166] _send ERROR fail to send msg 
2023-03-17 16:16:01,489 socket_client.py [line:168] _send ERROR (ConnectionResetError(104, 'Connection reset by peer'), None) 
2023-03-17 16:16:01,490 socket_client.py [line:166] _send ERROR fail to send msg 
2023-03-17 16:16:01,490 socket_client.py [line:168] _send ERROR (ConnectionResetError(104, 'Connection reset by peer'), None) 
2023-03-17 16:16:01,500 socket_client.py [line:166] _send ERROR fail to send msg 
2023-03-17 16:16:01,500 socket_client.py [line:168] _send ERROR (ConnectionResetError(104, 'Connection reset by peer'), None) 
2023-03-17 16:16:01,500 socket_client.py [line:166] _send ERROR fail to send msg 
2023-03-17 16:16:01,500 socket_client.py [line:168] _send ERROR (ConnectionResetError(104, 'Connection reset by peer'), None) 
2023-03-17 16:16:01,501 socket_client.py [line:166] _send ERROR fail to send msg 
2023-03-17 16:16:01,501 socket_client.py [line:168] _send ERROR (BrokenPipeError(32, 'Broken pipe'), None) 
2023-03-17 16:16:01,501 socket_client.py [line:166] _send ERROR fail to send msg 
2023-03-17 16:16:01,502 socket_client.py [line:168] _send ERROR (BrokenPipeError(32, 'Broken pipe'), None) 
2023-03-17 16:16:01,502 socket_client.py [line:166] _send ERROR fail to send msg 
2023-03-17 16:16:01,502 socket_client.py [line:168] _send ERROR (ConnectionResetError(104, 'Connection reset by peer'), None) 
2023-03-17 16:16:01,503 socket_client.py [line:166] _send ERROR fail to send msg 
2023-03-17 16:16:01,503 socket_client.py [line:168] _send ERROR (BrokenPipeError(32, 'Broken pipe'), None) 
2023-03-17 16:16:01,540 socket_client.py [line:166] _send ERROR fail to send msg 
2023-03-17 16:16:01,541 socket_client.py [line:168] _send ERROR (ConnectionResetError(104, 'Connection reset by peer'), None) 
2023-03-17 16:16:01,550 socket_client.py [line:166] _send ERROR fail to send msg 
2023-03-17 16:16:01,551 socket_client.py [line:168] _send ERROR (ConnectionResetError(104, 'Connection reset by peer'), None) 
2023-03-17 16:16:01,555 socket_client.py [line:166] _send ERROR fail to send msg 
2023-03-17 16:16:01,556 socket_client.py [line:168] _send ERROR (ConnectionResetError(104, 'Connection reset by peer'), None) 
2023-03-17 16:16:01,571 socket_client.py [line:166] _send ERROR fail to send msg 
2023-03-17 16:16:01,571 socket_client.py [line:168] _send ERROR (ConnectionResetError(104, 'Connection reset by peer'), None) 
2023-03-17 16:16:01,571 socket_client.py [line:166] _send ERROR fail to send msg 
2023-03-17 16:16:01,572 socket_client.py [line:168] _send ERROR (ConnectionResetError(104, 'Connection reset by peer'), None) 
2023-03-17 16:16:01,572 socket_client.py [line:166] _send ERROR fail to send msg 
2023-03-17 16:16:01,572 socket_client.py [line:168] _send ERROR (ConnectionResetError(104, 'Connection reset by peer'), None) 
2023-03-17 16:16:01,582 socket_client.py [line:166] _send ERROR fail to send msg 
2023-03-17 16:16:01,582 socket_client.py [line:168] _send ERROR (BrokenPipeError(32, 'Broken pipe'), None) 
2023-03-17 16:16:01,596 socket_client.py [line:166] _send ERROR fail to send msg 
2023-03-17 16:16:01,596 socket_client.py [line:168] _send ERROR (BrokenPipeError(32, 'Broken pipe'), None) 
2023-03-17 16:16:01,597 socket_client.py [line:166] _send ERROR fail to send msg 
2023-03-17 16:16:01,597 socket_client.py [line:168] _send ERROR (ConnectionResetError(104, 'Connection reset by peer'), None) 
2023-03-17 16:19:14,485 socket_client.py [line:240] run INFO node id 0 is running on pid 2478812 
2023-03-17 16:19:14,486 socket_client.py [line:53] _connect_and_send_forever INFO node 0's socket client starts to make outgoing connections on process id 2478812 
2023-03-17 16:32:50,153 socket_client.py [line:240] run INFO node id 0 is running on pid 2082362 
2023-03-17 16:32:50,154 socket_client.py [line:53] _connect_and_send_forever INFO node 0's socket client starts to make outgoing connections on process id 2082362 
2023-03-17 16:47:52,674 socket_client.py [line:240] run INFO node id 0 is running on pid 2516079 
2023-03-17 16:47:52,674 socket_client.py [line:53] _connect_and_send_forever INFO node 0's socket client starts to make outgoing connections on process id 2516079 
